build/outputs/logs/manifest-merger-debug-report.txt
-- Merging decision tree log ---
manifest
ADDED from Android/Eye/AndroidManifest.xml:2:1-63:12
	package
		ADDED from Android/Eye/AndroidManifest.xml:3:5-34
	android:versionName
		ADDED from Android/Eye/AndroidManifest.xml:5:5-30
		INJECTED from Android/Eye/AndroidManifest.xml
		INJECTED from Android/Eye/AndroidManifest.xml
	android:versionCode
		ADDED from Android/Eye/AndroidManifest.xml:4:5-28
		INJECTED from Android/Eye/AndroidManifest.xml
		INJECTED from Android/Eye/AndroidManifest.xml
	xmlns:android
		ADDED from Android/Eye/AndroidManifest.xml:2:11-69
uses-sdk
ADDED from Android/Eye/AndroidManifest.xml:7:5-9:41
MERGED from [com.android.support:support-v4:24.1.1] AndroidManifest.xml:21:5-23:54
MERGED from [Eye:GaugeView:unspecified] AndroidManifest.xml:7:5-9:41
	tools:overrideLibrary
		ADDED from [com.android.support:support-v4:24.1.1] AndroidManifest.xml:23:9-51
	android:targetSdkVersion
		ADDED from Android/Eye/AndroidManifest.xml:9:9-38
	android:minSdkVersion
		ADDED from Android/Eye/AndroidManifest.xml:8:9-35
application
ADDED from Android/Eye/AndroidManifest.xml:11:5-50:19
MERGED from [com.android.support:support-v4:24.1.1] AndroidManifest.xml:25:5-20
MERGED from [Eye:GaugeView:unspecified] AndroidManifest.xml:11:5-20
	android:label
		ADDED from Android/Eye/AndroidManifest.xml:15:9-41
	android:allowBackup
		ADDED from Android/Eye/AndroidManifest.xml:12:9-35
	android:icon
		ADDED from Android/Eye/AndroidManifest.xml:13:9-43
	android:largeHeap
		ADDED from Android/Eye/AndroidManifest.xml:14:9-33
	android:theme
		ADDED from Android/Eye/AndroidManifest.xml:16:9-40
activity#com.eye.hrvanalysis.RGBActivity
ADDED from Android/Eye/AndroidManifest.xml:17:9-26:20
	android:label
		ADDED from Android/Eye/AndroidManifest.xml:20:13-45
	android:icon
		ADDED from Android/Eye/AndroidManifest.xml:19:13-47
	android:theme
		ADDED from Android/Eye/AndroidManifest.xml:21:13-47
	android:name
		ADDED from Android/Eye/AndroidManifest.xml:18:13-59
intent-filter#android.intent.action.MAIN+android.intent.category.LAUNCHER
ADDED from Android/Eye/AndroidManifest.xml:22:13-25:29
action#android.intent.action.MAIN
ADDED from Android/Eye/AndroidManifest.xml:23:17-69
	android:name
		ADDED from Android/Eye/AndroidManifest.xml:23:25-66
category#android.intent.category.LAUNCHER
ADDED from Android/Eye/AndroidManifest.xml:24:17-77
	android:name
		ADDED from Android/Eye/AndroidManifest.xml:24:27-74
activity#com.eye.hrvanalysis.TimeLineActivity
ADDED from Android/Eye/AndroidManifest.xml:27:9-31:20
	android:icon
		ADDED from Android/Eye/AndroidManifest.xml:29:13-47
	android:theme
		ADDED from Android/Eye/AndroidManifest.xml:30:13-47
	android:name
		ADDED from Android/Eye/AndroidManifest.xml:28:13-64
activity#com.eye.hrvanalysis.SettingActivity
ADDED from Android/Eye/AndroidManifest.xml:32:9-36:20
	android:icon
		ADDED from Android/Eye/AndroidManifest.xml:34:13-47
	android:theme
		ADDED from Android/Eye/AndroidManifest.xml:35:13-47
	android:name
		ADDED from Android/Eye/AndroidManifest.xml:33:13-63
activity#com.eye.hrvanalysis.HRVActivity
ADDED from Android/Eye/AndroidManifest.xml:37:9-42:20
	android:windowSoftInputMode
		ADDED from Android/Eye/AndroidManifest.xml:41:13-54
	android:configChanges
		ADDED from Android/Eye/AndroidManifest.xml:39:13-63
	android:theme
		ADDED from Android/Eye/AndroidManifest.xml:40:13-56
	android:name
		ADDED from Android/Eye/AndroidManifest.xml:38:13-59
activity#com.eye.hrvanalysis.TimePopActivity
ADDED from Android/Eye/AndroidManifest.xml:43:9-48:20
	android:windowSoftInputMode
		ADDED from Android/Eye/AndroidManifest.xml:47:13-54
	android:configChanges
		ADDED from Android/Eye/AndroidManifest.xml:45:13-63
	android:theme
		ADDED from Android/Eye/AndroidManifest.xml:46:13-56
	android:name
		ADDED from Android/Eye/AndroidManifest.xml:44:13-63
uses-feature#android.hardware.camera
ADDED from Android/Eye/AndroidManifest.xml:52:5-60
	android:name
		ADDED from Android/Eye/AndroidManifest.xml:52:19-57
uses-feature#android.hardware.camera.flash
ADDED from Android/Eye/AndroidManifest.xml:53:5-66
	android:name
		ADDED from Android/Eye/AndroidManifest.xml:53:19-63
uses-feature#android.hardware.camera.autofocus
ADDED from Android/Eye/AndroidManifest.xml:54:5-70
	android:name
		ADDED from Android/Eye/AndroidManifest.xml:54:19-67
uses-permission#android.permission.INTERNET
ADDED from Android/Eye/AndroidManifest.xml:56:5-67
	android:name
		ADDED from Android/Eye/AndroidManifest.xml:56:22-64
uses-permission#android.permission.ACCESS_WIFI_STATE
ADDED from Android/Eye/AndroidManifest.xml:57:5-76
	android:name
		ADDED from Android/Eye/AndroidManifest.xml:57:22-73
uses-permission#android.permission.ACCESS_NETWORK_STATE
ADDED from Android/Eye/AndroidManifest.xml:58:5-79
	android:name
		ADDED from Android/Eye/AndroidManifest.xml:58:22-76
uses-permission#android.permission.WRITE_EXTERNAL_STORAGE
ADDED from Android/Eye/AndroidManifest.xml:59:5-81
	android:name
		ADDED from Android/Eye/AndroidManifest.xml:59:22-78
uses-permission#android.permission.CAMERA
ADDED from Android/Eye/AndroidManifest.xml:60:5-65
	android:name
		ADDED from Android/Eye/AndroidManifest.xml:60:22-62
uses-permission#android.permission.FLASHLIGHT
ADDED from Android/Eye/AndroidManifest.xml:61:5-69
	android:name
		ADDED from Android/Eye/AndroidManifest.xml:61:22-66